<?xml version="1.0" encoding="UTF-8"?>
<!-- Generated by org.testng.reporters.JUnitXMLReporter -->
<testsuite ignored="1" hostname="DESKTOP-10FR1AF" failures="0" tests="1" name="Default test" time="5.761" errors="0" timestamp="2022-07-01T03:34:33 BDT">
  <testcase classname="com.crm.qa.testcases.LandinPageTest" name="loginPage" time="1.76"/>
  <testcase classname="com.crm.qa.testcases.LandinPageTest" name="landingPageTitle" time="0.0">
    <ignored/>
  </testcase> <!-- landingPageTitle -->
</testsuite> <!-- Default test -->
