<?xml version="1.0" encoding="UTF-8"?>
<testng-results ignored="0" total="6" passed="6" failed="0" skipped="0">
  <reporter-output>
  </reporter-output>
  <suite started-at="2022-07-01T03:49:12 BDT" name="Free CRM Application Test Automation Suite" finished-at="2022-07-01T03:51:00 BDT" duration-ms="108387">
    <groups>
    </groups>
    <test started-at="2022-07-01T03:49:12 BDT" name="Free CRM App Test Cases" finished-at="2022-07-01T03:51:00 BDT" duration-ms="108387">
      <class name="com.crm.qa.testcases.HomePageTest">
        <test-method is-config="true" signature="setup()[pri:0, instance:com.crm.qa.testcases.HomePageTest@663c9e7a]" started-at="2022-07-01T03:49:12 BDT" name="setup" finished-at="2022-07-01T03:49:22 BDT" duration-ms="9964" status="PASS">
          <reporter-output>
          </reporter-output>
        </test-method> <!-- setup -->
        <test-method signature="homePageTitleTest()[pri:1, instance:com.crm.qa.testcases.HomePageTest@663c9e7a]" started-at="2022-07-01T03:49:22 BDT" name="homePageTitleTest" finished-at="2022-07-01T03:49:22 BDT" duration-ms="8" status="PASS">
          <reporter-output>
          </reporter-output>
        </test-method> <!-- homePageTitleTest -->
        <test-method is-config="true" signature="tearDown()[pri:0, instance:com.crm.qa.testcases.HomePageTest@663c9e7a]" started-at="2022-07-01T03:49:22 BDT" name="tearDown" finished-at="2022-07-01T03:49:22 BDT" duration-ms="594" status="PASS">
          <reporter-output>
          </reporter-output>
        </test-method> <!-- tearDown -->
        <test-method is-config="true" signature="setup()[pri:0, instance:com.crm.qa.testcases.HomePageTest@663c9e7a]" started-at="2022-07-01T03:49:22 BDT" name="setup" finished-at="2022-07-01T03:49:31 BDT" duration-ms="9206" status="PASS">
          <reporter-output>
          </reporter-output>
        </test-method> <!-- setup -->
        <test-method signature="loginUserNameTest()[pri:2, instance:com.crm.qa.testcases.HomePageTest@663c9e7a]" started-at="2022-07-01T03:49:31 BDT" name="loginUserNameTest" finished-at="2022-07-01T03:49:33 BDT" duration-ms="1412" status="PASS">
          <reporter-output>
          </reporter-output>
        </test-method> <!-- loginUserNameTest -->
        <test-method is-config="true" signature="tearDown()[pri:0, instance:com.crm.qa.testcases.HomePageTest@663c9e7a]" started-at="2022-07-01T03:49:33 BDT" name="tearDown" finished-at="2022-07-01T03:49:33 BDT" duration-ms="597" status="PASS">
          <reporter-output>
          </reporter-output>
        </test-method> <!-- tearDown -->
        <test-method is-config="true" signature="setup()[pri:0, instance:com.crm.qa.testcases.HomePageTest@663c9e7a]" started-at="2022-07-01T03:49:33 BDT" name="setup" finished-at="2022-07-01T03:49:43 BDT" duration-ms="9154" status="PASS">
          <reporter-output>
          </reporter-output>
        </test-method> <!-- setup -->
        <test-method signature="calenderLinkTest()[pri:3, instance:com.crm.qa.testcases.HomePageTest@663c9e7a]" started-at="2022-07-01T03:49:43 BDT" name="calenderLinkTest" finished-at="2022-07-01T03:49:44 BDT" duration-ms="1466" status="PASS">
          <reporter-output>
          </reporter-output>
        </test-method> <!-- calenderLinkTest -->
        <test-method is-config="true" signature="tearDown()[pri:0, instance:com.crm.qa.testcases.HomePageTest@663c9e7a]" started-at="2022-07-01T03:49:44 BDT" name="tearDown" finished-at="2022-07-01T03:49:45 BDT" duration-ms="597" status="PASS">
          <reporter-output>
          </reporter-output>
        </test-method> <!-- tearDown -->
      </class> <!-- com.crm.qa.testcases.HomePageTest -->
      <class name="com.crm.qa.testcases.homePageSectonTest.contacts.CreateNewContactPageTest">
        <test-method is-config="true" signature="setUp()[pri:0, instance:com.crm.qa.testcases.homePageSectonTest.contacts.CreateNewContactPageTest@5ddeb7cb]" started-at="2022-07-01T03:49:45 BDT" name="setUp" finished-at="2022-07-01T03:49:57 BDT" duration-ms="11543" status="PASS">
          <reporter-output>
          </reporter-output>
        </test-method> <!-- setUp -->
        <test-method signature="saveContactTest(java.lang.String,java.lang.String)[pri:2, instance:com.crm.qa.testcases.homePageSectonTest.contacts.CreateNewContactPageTest@5ddeb7cb]" started-at="2022-07-01T03:49:57 BDT" name="saveContactTest" data-provider="getCRMTestData" finished-at="2022-07-01T03:50:10 BDT" duration-ms="13269" status="PASS">
          <params>
            <param index="0">
              <value>
                <![CDATA[first f]]>
              </value>
            </param>
            <param index="1">
              <value>
                <![CDATA[first l]]>
              </value>
            </param>
          </params>
          <reporter-output>
          </reporter-output>
        </test-method> <!-- saveContactTest -->
        <test-method is-config="true" signature="tearDown()[pri:0, instance:com.crm.qa.testcases.homePageSectonTest.contacts.CreateNewContactPageTest@5ddeb7cb]" started-at="2022-07-01T03:50:10 BDT" name="tearDown" finished-at="2022-07-01T03:50:10 BDT" duration-ms="598" status="PASS">
          <reporter-output>
          </reporter-output>
        </test-method> <!-- tearDown -->
        <test-method is-config="true" signature="setUp()[pri:0, instance:com.crm.qa.testcases.homePageSectonTest.contacts.CreateNewContactPageTest@5ddeb7cb]" started-at="2022-07-01T03:50:10 BDT" name="setUp" finished-at="2022-07-01T03:50:21 BDT" duration-ms="10437" status="PASS">
          <reporter-output>
          </reporter-output>
        </test-method> <!-- setUp -->
        <test-method signature="saveContactTest(java.lang.String,java.lang.String)[pri:2, instance:com.crm.qa.testcases.homePageSectonTest.contacts.CreateNewContactPageTest@5ddeb7cb]" started-at="2022-07-01T03:50:21 BDT" name="saveContactTest" data-provider="getCRMTestData" finished-at="2022-07-01T03:50:34 BDT" duration-ms="13259" status="PASS">
          <params>
            <param index="0">
              <value>
                <![CDATA[second l]]>
              </value>
            </param>
            <param index="1">
              <value>
                <![CDATA[second l]]>
              </value>
            </param>
          </params>
          <reporter-output>
          </reporter-output>
        </test-method> <!-- saveContactTest -->
        <test-method is-config="true" signature="tearDown()[pri:0, instance:com.crm.qa.testcases.homePageSectonTest.contacts.CreateNewContactPageTest@5ddeb7cb]" started-at="2022-07-01T03:50:34 BDT" name="tearDown" finished-at="2022-07-01T03:50:35 BDT" duration-ms="598" status="PASS">
          <reporter-output>
          </reporter-output>
        </test-method> <!-- tearDown -->
        <test-method is-config="true" signature="setUp()[pri:0, instance:com.crm.qa.testcases.homePageSectonTest.contacts.CreateNewContactPageTest@5ddeb7cb]" started-at="2022-07-01T03:50:35 BDT" name="setUp" finished-at="2022-07-01T03:50:46 BDT" duration-ms="11295" status="PASS">
          <reporter-output>
          </reporter-output>
        </test-method> <!-- setUp -->
        <test-method signature="saveContactTest(java.lang.String,java.lang.String)[pri:2, instance:com.crm.qa.testcases.homePageSectonTest.contacts.CreateNewContactPageTest@5ddeb7cb]" started-at="2022-07-01T03:50:46 BDT" name="saveContactTest" data-provider="getCRMTestData" finished-at="2022-07-01T03:50:59 BDT" duration-ms="13367" status="PASS">
          <params>
            <param index="0">
              <value>
                <![CDATA[third f]]>
              </value>
            </param>
            <param index="1">
              <value>
                <![CDATA[third l]]>
              </value>
            </param>
          </params>
          <reporter-output>
          </reporter-output>
        </test-method> <!-- saveContactTest -->
        <test-method is-config="true" signature="tearDown()[pri:0, instance:com.crm.qa.testcases.homePageSectonTest.contacts.CreateNewContactPageTest@5ddeb7cb]" started-at="2022-07-01T03:50:59 BDT" name="tearDown" finished-at="2022-07-01T03:51:00 BDT" duration-ms="592" status="PASS">
          <reporter-output>
          </reporter-output>
        </test-method> <!-- tearDown -->
      </class> <!-- com.crm.qa.testcases.homePageSectonTest.contacts.CreateNewContactPageTest -->
    </test> <!-- Free CRM App Test Cases -->
  </suite> <!-- Free CRM Application Test Automation Suite -->
</testng-results>
